<?xml version="1.0" encoding="UTF-8"?>
<!-- Generated by org.testng.reporters.JUnitXMLReporter -->
<testsuite ignored="0" hostname="DESKTOP-40N8UKJ" failures="0" tests="4" name="Child Network Test" time="21.673" errors="0" timestamp="2025-02-01T15:36:46 IST">
  <testcase classname="testcases.ChildNetworkTest" name="testChildNetworkWithInvalidNodeID" time="3.745"/>
  <testcase classname="testcases.ChildNetworkTest" name="testChildNetworkWithInvalidWalletAddress" time="3.086"/>
  <testcase classname="testcases.ChildNetworkTest" name="testChildNetworkWithoutNetworkName" time="3.049"/>
  <testcase classname="testcases.ChildNetworkTest" name="testSuccessfulChildNetwork" time="4.348"/>
</testsuite> <!-- Child Network Test -->
