<?xml version="1.0" encoding="UTF-8"?>
<!-- Generated by org.testng.reporters.JUnitXMLReporter -->
<testsuite ignored="0" hostname="DESKTOP-40N8UKJ" failures="0" tests="6" name="Onboard Nodes Test" time="38.596" errors="0" timestamp="2025-02-01T15:36:25 IST">
  <testcase classname="testcases.OnboardNodesTest" name="testOnboardNodeWithInvalidIP" time="3.366"/>
  <testcase classname="testcases.OnboardNodesTest" name="testOnboardNodeWithInvalidNodeID" time="3.311"/>
  <testcase classname="testcases.OnboardNodesTest" name="testOnboardNodeWithoutNodeAndIP" time="2.968"/>
  <testcase classname="testcases.OnboardNodesTest" name="testSuccessfulDuplicateOnboardNode" time="6.047"/>
  <testcase classname="testcases.OnboardNodesTest" name="testSuccessfulMultipleOnboardNode" time="6.54"/>
  <testcase classname="testcases.OnboardNodesTest" name="testSuccessfulOnboardNode" time="5.149"/>
</testsuite> <!-- Onboard Nodes Test -->
