<?xml version="1.0" encoding="UTF-8"?>
<!-- Generated by org.testng.reporters.JUnitXMLReporter -->
<testsuite ignored="0" hostname="DESKTOP-40N8UKJ" failures="0" tests="4" name="SignIn tests" time="13.535" errors="0" timestamp="2025-02-01T15:35:46 IST">
  <testcase classname="testcases.SignInTest" name="testSignInWithIncorrectdPassword" time="2.098"/>
  <testcase classname="testcases.SignInTest" name="testSignInWithInvalidEmailFormat" time="0.816"/>
  <testcase classname="testcases.SignInTest" name="testSignInWithUnregisteredEmail" time="2.061"/>
  <testcase classname="testcases.SignInTest" name="testSuccessfulSignIn" time="0.932"/>
</testsuite> <!-- SignIn tests -->
