<?xml version="1.0" encoding="UTF-8"?>
<!-- Generated by org.testng.reporters.JUnitXMLReporter -->
<testsuite ignored="0" hostname="DESKTOP-40N8UKJ" failures="0" tests="5" name="SignUp Test" time="14.84" errors="0" timestamp="2025-02-01T15:35:32 IST">
  <testcase classname="testcases.SignUpTest" name="testSignUpWithAlreadyRegisteredEmail" time="1.988"/>
  <testcase classname="testcases.SignUpTest" name="testSignUpWithInvalidEmailPattern" time="0.768"/>
  <testcase classname="testcases.SignUpTest" name="testSignUpWithInvalidPassword" time="0.769"/>
  <testcase classname="testcases.SignUpTest" name="testSignUpWithoutEmailAndPassword" time="0.313"/>
  <testcase classname="testcases.SignUpTest" name="testSuccessfulSignUp" time="0.902"/>
</testsuite> <!-- SignUp Test -->
