<?xml version="1.0" encoding="UTF-8"?>
<testsuite xmlns:xsi="http://www.w3.org/2001/XMLSchema-instance" xsi:noNamespaceSchemaLocation="https://maven.apache.org/surefire/maven-surefire-plugin/xsd/surefire-test-report-3.0.xsd" version="3.0" name="TestSuite" time="98.921" tests="20" errors="0" skipped="0" failures="0">
  <properties>
[...]
</properties>
  <testcase name="testChildNetworkWithInvalidNodeID" classname="testcases.ChildNetworkTest" time="3.916">
    <system-err><![CDATA[SLF4J: Failed to load class "org.slf4j.impl.StaticLoggerBinder".
SLF4J: Defaulting to no-operation (NOP) logger implementation
SLF4J: See http://www.slf4j.org/codes.html#StaticLoggerBinder for further details.
Feb 01, 2025 4:11:47 PM org.openqa.selenium.devtools.CdpVersionFinder findNearestMatch
WARNING: Unable to find an exact match for CDP version 132, returning the closest version; found: 128; Please update to a Selenium version that supports CDP version 132
]]></system-err>
  </testcase>
  <testcase name="testChildNetworkWithInvalidWalletAddress" classname="testcases.ChildNetworkTest" time="4.263">
    <system-err><![CDATA[Feb 01, 2025 4:11:53 PM org.openqa.selenium.devtools.CdpVersionFinder findNearestMatch
WARNING: Unable to find an exact match for CDP version 132, returning the closest version; found: 128; Please update to a Selenium version that supports CDP version 132
]]></system-err>
  </testcase>
  <testcase name="testChildNetworkWithoutNetworkName" classname="testcases.ChildNetworkTest" time="3.142">
    <system-err><![CDATA[Feb 01, 2025 4:11:59 PM org.openqa.selenium.devtools.CdpVersionFinder findNearestMatch
WARNING: Unable to find an exact match for CDP version 132, returning the closest version; found: 128; Please update to a Selenium version that supports CDP version 132
]]></system-err>
  </testcase>
  <testcase name="testSuccessfulChildNetwork" classname="testcases.ChildNetworkTest" time="4.564">
    <system-err><![CDATA[Feb 01, 2025 4:12:04 PM org.openqa.selenium.devtools.CdpVersionFinder findNearestMatch
WARNING: Unable to find an exact match for CDP version 132, returning the closest version; found: 128; Please update to a Selenium version that supports CDP version 132
]]></system-err>
  </testcase>
  <testcase name="testOnboardNodeWithInvalidIP" classname="testcases.OnboardNodesTest" time="3.386">
    <system-err><![CDATA[Feb 01, 2025 4:12:10 PM org.openqa.selenium.devtools.CdpVersionFinder findNearestMatch
WARNING: Unable to find an exact match for CDP version 132, returning the closest version; found: 128; Please update to a Selenium version that supports CDP version 132
]]></system-err>
  </testcase>
  <testcase name="testOnboardNodeWithInvalidNodeID" classname="testcases.OnboardNodesTest" time="3.532">
    <system-err><![CDATA[Feb 01, 2025 4:12:16 PM org.openqa.selenium.devtools.CdpVersionFinder findNearestMatch
WARNING: Unable to find an exact match for CDP version 132, returning the closest version; found: 128; Please update to a Selenium version that supports CDP version 132
]]></system-err>
  </testcase>
  <testcase name="testOnboardNodeWithoutNodeAndIP" classname="testcases.OnboardNodesTest" time="2.986">
    <system-err><![CDATA[Feb 01, 2025 4:12:23 PM org.openqa.selenium.devtools.CdpVersionFinder findNearestMatch
WARNING: Unable to find an exact match for CDP version 132, returning the closest version; found: 128; Please update to a Selenium version that supports CDP version 132
]]></system-err>
  </testcase>
  <testcase name="testSuccessfulDuplicateOnboardNode" classname="testcases.OnboardNodesTest" time="6.303">
    <system-err><![CDATA[Feb 01, 2025 4:12:27 PM org.openqa.selenium.devtools.CdpVersionFinder findNearestMatch
WARNING: Unable to find an exact match for CDP version 132, returning the closest version; found: 128; Please update to a Selenium version that supports CDP version 132
]]></system-err>
  </testcase>
  <testcase name="testSuccessfulMultipleOnboardNode" classname="testcases.OnboardNodesTest" time="7.139">
    <system-err><![CDATA[Feb 01, 2025 4:12:36 PM org.openqa.selenium.devtools.CdpVersionFinder findNearestMatch
WARNING: Unable to find an exact match for CDP version 132, returning the closest version; found: 128; Please update to a Selenium version that supports CDP version 132
]]></system-err>
  </testcase>
  <testcase name="testSuccessfulOnboardNode" classname="testcases.OnboardNodesTest" time="4.894">
    <system-err><![CDATA[Feb 01, 2025 4:12:44 PM org.openqa.selenium.devtools.CdpVersionFinder findNearestMatch
WARNING: Unable to find an exact match for CDP version 132, returning the closest version; found: 128; Please update to a Selenium version that supports CDP version 132
]]></system-err>
  </testcase>
  <testcase name="testSignInWithIncorrectdPassword" classname="testcases.SignInTest" time="2.067">
    <system-err><![CDATA[Feb 01, 2025 4:12:51 PM org.openqa.selenium.devtools.CdpVersionFinder findNearestMatch
WARNING: Unable to find an exact match for CDP version 132, returning the closest version; found: 128; Please update to a Selenium version that supports CDP version 132
]]></system-err>
  </testcase>
  <testcase name="testSignInWithInvalidEmailFormat" classname="testcases.SignInTest" time="0.817">
    <system-err><![CDATA[Feb 01, 2025 4:12:55 PM org.openqa.selenium.devtools.CdpVersionFinder findNearestMatch
WARNING: Unable to find an exact match for CDP version 132, returning the closest version; found: 128; Please update to a Selenium version that supports CDP version 132
]]></system-err>
  </testcase>
  <testcase name="testSignInWithUnregisteredEmail" classname="testcases.SignInTest" time="2.089">
    <system-err><![CDATA[Feb 01, 2025 4:12:57 PM org.openqa.selenium.devtools.CdpVersionFinder findNearestMatch
WARNING: Unable to find an exact match for CDP version 132, returning the closest version; found: 128; Please update to a Selenium version that supports CDP version 132
]]></system-err>
  </testcase>
  <testcase name="testSuccessfulSignIn" classname="testcases.SignInTest" time="1.041">
    <system-err><![CDATA[Feb 01, 2025 4:13:01 PM org.openqa.selenium.devtools.CdpVersionFinder findNearestMatch
WARNING: Unable to find an exact match for CDP version 132, returning the closest version; found: 128; Please update to a Selenium version that supports CDP version 132
]]></system-err>
  </testcase>
  <testcase name="testSuccessfulSignOut" classname="testcases.SignOutTest" time="2.847">
    <system-err><![CDATA[Feb 01, 2025 4:13:04 PM org.openqa.selenium.devtools.CdpVersionFinder findNearestMatch
WARNING: Unable to find an exact match for CDP version 132, returning the closest version; found: 128; Please update to a Selenium version that supports CDP version 132
]]></system-err>
  </testcase>
  <testcase name="testSignUpWithAlreadyRegisteredEmail" classname="testcases.SignUpTest" time="2.167">
    <system-err><![CDATA[Feb 01, 2025 4:13:09 PM org.openqa.selenium.devtools.CdpVersionFinder findNearestMatch
WARNING: Unable to find an exact match for CDP version 132, returning the closest version; found: 128; Please update to a Selenium version that supports CDP version 132
]]></system-err>
  </testcase>
  <testcase name="testSignUpWithInvalidEmailPattern" classname="testcases.SignUpTest" time="0.866">
    <system-err><![CDATA[Feb 01, 2025 4:13:13 PM org.openqa.selenium.devtools.CdpVersionFinder findNearestMatch
WARNING: Unable to find an exact match for CDP version 132, returning the closest version; found: 128; Please update to a Selenium version that supports CDP version 132
]]></system-err>
  </testcase>
  <testcase name="testSignUpWithInvalidPassword" classname="testcases.SignUpTest" time="0.869">
    <system-out><![CDATA[Actual Error Message: Password must contain atelast one lowercase letter, uppercase letter, number and special character and be a minimum of 8 characters in length
]]></system-out>
    <system-err><![CDATA[Feb 01, 2025 4:13:16 PM org.openqa.selenium.devtools.CdpVersionFinder findNearestMatch
WARNING: Unable to find an exact match for CDP version 132, returning the closest version; found: 128; Please update to a Selenium version that supports CDP version 132
]]></system-err>
  </testcase>
  <testcase name="testSignUpWithoutEmailAndPassword" classname="testcases.SignUpTest" time="0.4">
    <system-err><![CDATA[Feb 01, 2025 4:13:19 PM org.openqa.selenium.devtools.CdpVersionFinder findNearestMatch
WARNING: Unable to find an exact match for CDP version 132, returning the closest version; found: 128; Please update to a Selenium version that supports CDP version 132
]]></system-err>
  </testcase>
  <testcase name="testSuccessfulSignUp" classname="testcases.SignUpTest" time="1.171">
    <system-err><![CDATA[Feb 01, 2025 4:13:21 PM org.openqa.selenium.devtools.CdpVersionFinder findNearestMatch
WARNING: Unable to find an exact match for CDP version 132, returning the closest version; found: 128; Please update to a Selenium version that supports CDP version 132
]]></system-err>
  </testcase>
</testsuite>