<?xml version="1.0" encoding="UTF-8"?>
<!-- Generated by org.testng.reporters.JUnitXMLReporter -->
<testsuite ignored="0" hostname="DESKTOP-40N8UKJ" failures="0" tests="20" name="Surefire test" time="98.266" errors="0" timestamp="2025-02-01T16:13:23 IST">
  <testcase classname="testcases.ChildNetworkTest" name="testChildNetworkWithInvalidNodeID" time="3.919"/>
  <testcase classname="testcases.ChildNetworkTest" name="testChildNetworkWithInvalidWalletAddress" time="4.264"/>
  <testcase classname="testcases.ChildNetworkTest" name="testChildNetworkWithoutNetworkName" time="3.143"/>
  <testcase classname="testcases.ChildNetworkTest" name="testSuccessfulChildNetwork" time="4.565"/>
  <testcase classname="testcases.OnboardNodesTest" name="testOnboardNodeWithInvalidIP" time="3.384"/>
  <testcase classname="testcases.OnboardNodesTest" name="testOnboardNodeWithInvalidNodeID" time="3.533"/>
  <testcase classname="testcases.OnboardNodesTest" name="testOnboardNodeWithoutNodeAndIP" time="2.985"/>
  <testcase classname="testcases.OnboardNodesTest" name="testSuccessfulDuplicateOnboardNode" time="6.304"/>
  <testcase classname="testcases.OnboardNodesTest" name="testSuccessfulMultipleOnboardNode" time="7.139"/>
  <testcase classname="testcases.OnboardNodesTest" name="testSuccessfulOnboardNode" time="4.894"/>
  <testcase classname="testcases.SignInTest" name="testSignInWithIncorrectdPassword" time="2.068"/>
  <testcase classname="testcases.SignInTest" name="testSignInWithInvalidEmailFormat" time="0.818"/>
  <testcase classname="testcases.SignInTest" name="testSignInWithUnregisteredEmail" time="2.087"/>
  <testcase classname="testcases.SignInTest" name="testSuccessfulSignIn" time="1.043"/>
  <testcase classname="testcases.SignOutTest" name="testSuccessfulSignOut" time="2.848"/>
  <testcase classname="testcases.SignUpTest" name="testSignUpWithAlreadyRegisteredEmail" time="2.167"/>
  <testcase classname="testcases.SignUpTest" name="testSignUpWithInvalidEmailPattern" time="0.867"/>
  <testcase classname="testcases.SignUpTest" name="testSignUpWithInvalidPassword" time="0.867"/>
  <testcase classname="testcases.SignUpTest" name="testSignUpWithoutEmailAndPassword" time="0.4"/>
  <testcase classname="testcases.SignUpTest" name="testSuccessfulSignUp" time="1.17"/>
</testsuite> <!-- Surefire test -->
